<?xml version="1.0" encoding="UTF-8"?>
<!-- Generated by org.testng.reporters.JUnitReportReporter -->
<testsuite hostname="Family-PC" name="xlsDummyTests.Test1" tests="3" failures="0" timestamp="26 Nov 2015 12:38:14 GMT" time="0.018" errors="0">
  <testcase name="test1" time="0.002" classname="xlsDummyTests.Test1"/>
  <testcase name="test1" time="0.015" classname="xlsDummyTests.Test1"/>
  <testcase name="test1" time="0.001" classname="xlsDummyTests.Test1"/>
</testsuite> <!-- xlsDummyTests.Test1 -->
