<?xml version="1.0" encoding="UTF-8"?>
<!-- Generated by org.testng.reporters.JUnitReportReporter -->
<testsuite hostname="Family-PC" name="com.cyclos.suite2.loginParameterTest" tests="3" failures="0" timestamp="26 Nov 2015 15:18:22 GMT" time="28.295" errors="0">
  <testcase name="doLoginParam" time="8.518" classname="com.cyclos.suite2.loginParameterTest"/>
  <testcase name="doLoginParam" time="10.413" classname="com.cyclos.suite2.loginParameterTest"/>
  <testcase name="doLoginParam" time="9.364" classname="com.cyclos.suite2.loginParameterTest"/>
</testsuite> <!-- com.cyclos.suite2.loginParameterTest -->
